14:42:24,751  INFO Environment:543 - Hibernate 3.3.1.GA
14:42:24,761  INFO Environment:576 - hibernate.properties not found
14:42:24,770  INFO Environment:709 - Bytecode provider name : javassist
14:42:24,777  INFO Environment:627 - using JDK 1.4 java.sql.Timestamp handling
14:42:24,884  INFO Configuration:1494 - configuring from file: hibernate.cfg.xml
14:42:24,988 DEBUG DTDEntityResolver:64 - trying to resolve system-id [http://hibernate.sourceforge.net/hibernate-configuration-3.0.dtd]
14:42:24,988 DEBUG DTDEntityResolver:66 - recognized hibernate namespace; attempting to resolve on classpath under org/hibernate/
14:42:24,989 DEBUG DTDEntityResolver:76 - located [http://hibernate.sourceforge.net/hibernate-configuration-3.0.dtd] in classpath
14:42:25,021 DEBUG Configuration:1421 - dialect=org.hibernate.dialect.HSQLDialect
14:42:25,022 DEBUG Configuration:1421 - connection.driver_class=org.hsqldb.jdbcDriver
14:42:25,022 DEBUG Configuration:1421 - connection.url=jdbc:hsqldb:hsql://localhost:9001/docshifter
14:42:25,023 DEBUG Configuration:1421 - connection.username=SA
14:42:25,023 DEBUG Configuration:1421 - connection.password=
14:42:25,024 DEBUG Configuration:1421 - default_schema=docshifter
14:42:25,024  INFO Configuration:1575 - Configured SessionFactory: null
14:42:25,025 DEBUG Configuration:1576 - properties: {hibernate.connection.password=, java.runtime.name=Java(TM) SE Runtime Environment, hibernate.default_schema=docshifter, sun.boot.library.path=C:\Program Files\Java\jre6\bin, java.vm.version=20.5-b03, hibernate.connection.username=SA, ant.library.dir=C:\Program Files\eclipse\plugins\org.apache.ant_1.8.3.v20120321-1730\lib, java.vm.vendor=Sun Microsystems Inc., java.vendor.url=http://java.sun.com/, path.separator=;, java.vm.name=Java HotSpot(TM) 64-Bit Server VM, file.encoding.pkg=sun.io, user.country=BE, sun.java.launcher=SUN_STANDARD, sun.os.patch.level=Service Pack 1, java.vm.specification.name=Java Virtual Machine Specification, user.dir=D:\workspaces\ds\DocShifterBeans, java.runtime.version=1.6.0_30-b12, java.awt.graphicsenv=sun.awt.Win32GraphicsEnvironment, java.endorsed.dirs=C:\Program Files\Java\jre6\lib\endorsed, os.arch=amd64, java.io.tmpdir=C:\Users\MICHIE~1.VAN\AppData\Local\Temp\, line.separator=
, java.vm.specification.vendor=Sun Microsystems Inc., default_schema=docshifter, user.variant=, os.name=Windows 7, ant.home=C:\Program Files\eclipse\plugins\org.apache.ant_1.8.3.v20120321-1730, sun.jnu.encoding=Cp1252, java.library.path=C:\Windows\system32;C:\Windows\Sun\Java\bin;C:\Windows\system32;C:\Windows;C:\Program Files (x86)\SenchaSDKTools-2.0.0-beta3;C:\Ruby193\bin;C:\Program Files\Documentum\Shared;C:\Users\lander.beeuwsaert.DOCBYTE\AppData\Local\Google\Chrome\Application;C:\Windows\system32;C:\Windows;C:\Windows\System32\Wbem;C:\Windows\System32\WindowsPowerShell\v1.0\;C:\Program Files\Intel\WiFi\bin\;C:\Program Files\Common Files\Intel\WirelessCommon\;C:\Program Files\TortoiseSVN\bin;C:\Program Files (x86)\Git\cmd;C:\Program Files\nodejs\;C:\Program Files (x86)\Belgium Identity Card;C:\Program Files (x86)\Microsoft SQL Server\100\Tools\Binn\;C:\Program Files\Microsoft SQL Server\100\Tools\Binn\;C:\Program Files\Microsoft SQL Server\100\DTS\Binn\;C:\Program Files (x86)\Liquid Technologies\Liquid XML Studio 2012\XmlDataBinder10\Redist10\cpp\win32\bin;C:\Users\michiel.vandriessche\AppData\Roaming\npm\;C:\Program Files\Java\jdk1.6.0_21\bin;.;C:\Program Files\eclipse\configuration\org.eclipse.osgi\bundles\628\2\.cp, java.specification.name=Java Platform API Specification, java.class.version=50.0, sun.management.compiler=HotSpot 64-Bit Tiered Compilers, os.version=6.1, connection.password=, user.home=C:\Users\michiel.vandriessche, user.timezone=Europe/Paris, connection.username=SA, java.awt.printerjob=sun.awt.windows.WPrinterJob, file.encoding=Cp1252, java.specification.version=1.6, hibernate.connection.driver_class=org.hsqldb.jdbcDriver, java.class.path=C:\Program Files\eclipse\plugins\org.apache.ant_1.8.3.v20120321-1730\lib\ant-antlr.jar;C:\Program Files\eclipse\plugins\org.apache.ant_1.8.3.v20120321-1730\lib\ant-apache-bcel.jar;C:\Program Files\eclipse\plugins\org.apache.ant_1.8.3.v20120321-1730\lib\ant-apache-bsf.jar;C:\Program Files\eclipse\plugins\org.apache.ant_1.8.3.v20120321-1730\lib\ant-apache-log4j.jar;C:\Program Files\eclipse\plugins\org.apache.ant_1.8.3.v20120321-1730\lib\ant-apache-oro.jar;C:\Program Files\eclipse\plugins\org.apache.ant_1.8.3.v20120321-1730\lib\ant-apache-regexp.jar;C:\Program Files\eclipse\plugins\org.apache.ant_1.8.3.v20120321-1730\lib\ant-apache-resolver.jar;C:\Program Files\eclipse\plugins\org.apache.ant_1.8.3.v20120321-1730\lib\ant-apache-xalan2.jar;C:\Program Files\eclipse\plugins\org.apache.ant_1.8.3.v20120321-1730\lib\ant-commons-logging.jar;C:\Program Files\eclipse\plugins\org.apache.ant_1.8.3.v20120321-1730\lib\ant-commons-net.jar;C:\Program Files\eclipse\plugins\org.apache.ant_1.8.3.v20120321-1730\lib\ant-jai.jar;C:\Program Files\eclipse\plugins\org.apache.ant_1.8.3.v20120321-1730\lib\ant-javamail.jar;C:\Program Files\eclipse\plugins\org.apache.ant_1.8.3.v20120321-1730\lib\ant-jdepend.jar;C:\Program Files\eclipse\plugins\org.apache.ant_1.8.3.v20120321-1730\lib\ant-jmf.jar;C:\Program Files\eclipse\plugins\org.apache.ant_1.8.3.v20120321-1730\lib\ant-jsch.jar;C:\Program Files\eclipse\plugins\org.apache.ant_1.8.3.v20120321-1730\lib\ant-junit.jar;C:\Program Files\eclipse\plugins\org.apache.ant_1.8.3.v20120321-1730\lib\ant-junit4.jar;C:\Program Files\eclipse\plugins\org.apache.ant_1.8.3.v20120321-1730\lib\ant-launcher.jar;C:\Program Files\eclipse\plugins\org.apache.ant_1.8.3.v20120321-1730\lib\ant-netrexx.jar;C:\Program Files\eclipse\plugins\org.apache.ant_1.8.3.v20120321-1730\lib\ant-swing.jar;C:\Program Files\eclipse\plugins\org.apache.ant_1.8.3.v20120321-1730\lib\ant-testutil.jar;C:\Program Files\eclipse\plugins\org.apache.ant_1.8.3.v20120321-1730\lib\ant.jar;C:\Program Files\eclipse\configuration\org.eclipse.osgi\bundles\57\2\.cp\lib\antdebug.jar;C:\Program Files\eclipse\configuration\org.eclipse.osgi\bundles\57\2\.cp\lib\remote.jar;C:\Program Files\eclipse\configuration\org.eclipse.osgi\bundles\58\2\.cp\lib\remoteAnt.jar;C:\Program Files\Documentum\java\1.5.0_12\lib\tools.jar;C:\Program Files\eclipse\plugins\org.eclipse.swt.win32.win32.x86_64_3.100.0.v4233d.jar, user.name=michiel.vandriessche, hibernate.bytecode.use_reflection_optimizer=false, java.vm.specification.version=1.0, sun.java.command=org.eclipse.ant.internal.launching.remote.InternalAntRunner -Dorg.eclipse.ant.core.ANT_PROCESS_ID=1346935343620 -Declipse.connect.port=64381 -Declipse.pdebuild.home=/C:/Program Files/eclipse/plugins/org.eclipse.pde.build_3.8.0.v20120523-1555/./ -Declipse.pdebuild.scripts=/C:/Program Files/eclipse/plugins/org.eclipse.pde.build_3.8.0.v20120523-1555/scripts/ -Declipse.pdebuild.templates=/C:/Program Files/eclipse/plugins/org.eclipse.pde.build_3.8.0.v20120523-1555/templates/ -Dant.home=C:\Program Files\eclipse\plugins\org.apache.ant_1.8.3.v20120321-1730 -logger org.eclipse.ant.internal.launching.remote.logger.RemoteAntBuildLogger -inputhandler org.eclipse.ant.internal.ui.antsupport.inputhandler.ProxyInputHandler -buildfile D:\workspaces\ds\DocShifterBeans\build.xml, java.home=C:\Program Files\Java\jre6, sun.arch.data.model=64, hibernate.connection.url=jdbc:hsqldb:hsql://localhost:9001/docshifter, hibernate.dialect=org.hibernate.dialect.HSQLDialect, user.language=nl, java.specification.vendor=Sun Microsystems Inc., awt.toolkit=sun.awt.windows.WToolkit, java.vm.info=mixed mode, java.version=1.6.0_30, java.ext.dirs=C:\Program Files\Java\jre6\lib\ext;C:\Windows\Sun\Java\lib\ext, sun.boot.class.path=C:\Program Files\Java\jre6\lib\resources.jar;C:\Program Files\Java\jre6\lib\rt.jar;C:\Program Files\Java\jre6\lib\sunrsasign.jar;C:\Program Files\Java\jre6\lib\jsse.jar;C:\Program Files\Java\jre6\lib\jce.jar;C:\Program Files\Java\jre6\lib\charsets.jar;C:\Program Files\Java\jre6\lib\modules\jdk.boot.jar;C:\Program Files\Java\jre6\classes, java.vendor=Sun Microsystems Inc., connection.driver_class=org.hsqldb.jdbcDriver, file.separator=\, java.vendor.url.bug=http://java.sun.com/cgi-bin/bugreport.cgi, sun.io.unicode.encoding=UnicodeLittle, sun.cpu.endian=little, sun.desktop=windows, connection.url=jdbc:hsqldb:hsql://localhost:9001/docshifter, dialect=org.hibernate.dialect.HSQLDialect, sun.cpu.isalist=amd64}
14:42:25,027 DEBUG Configuration:1153 - processing extends queue
14:42:25,027 DEBUG Configuration:1157 - processing collection mappings
14:42:25,028 DEBUG Configuration:1168 - processing native query and ResultSetMapping mappings
14:42:25,028 DEBUG Configuration:1176 - processing association property references
14:42:25,029 DEBUG Configuration:1198 - processing foreign key constraints
14:42:25,072 DEBUG Hbm2DDLExporter:138 - org.hibernate.tool.hbm2x.Hbm2DDLExporter outputdir:D:\workspaces\ds\DocShifterBeans\_deliverables path: []
14:42:25,208  INFO Version:15 - Hibernate Tools 3.2.4.GA
14:42:25,259  INFO Dialect:175 - Using dialect: org.hibernate.dialect.HSQLDialect
14:42:25,333 DEBUG Configuration:1153 - processing extends queue
14:42:25,334 DEBUG Configuration:1157 - processing collection mappings
14:42:25,334 DEBUG Configuration:1168 - processing native query and ResultSetMapping mappings
14:42:25,334 DEBUG Configuration:1176 - processing association property references
14:42:25,335 DEBUG Configuration:1198 - processing foreign key constraints
14:42:25,338 DEBUG Configuration:1153 - processing extends queue
14:42:25,338 DEBUG Configuration:1157 - processing collection mappings
14:42:25,339 DEBUG Configuration:1168 - processing native query and ResultSetMapping mappings
14:42:25,339 DEBUG Configuration:1176 - processing association property references
14:42:25,339 DEBUG Configuration:1198 - processing foreign key constraints
14:42:25,344  INFO SchemaExport:226 - Running hbm2ddl schema export
14:42:25,344 DEBUG SchemaExport:242 - import file not found: /import.sql
14:42:25,345  INFO SchemaExport:246 - writing generated schema to file: D:\workspaces\ds\DocShifterBeans\_deliverables\sql.ddl
14:42:25,346  INFO SchemaExport:268 - schema export complete
14:46:15,493  INFO Environment:543 - Hibernate 3.3.1.GA
14:46:15,503  INFO Environment:576 - hibernate.properties not found
14:46:15,507  INFO Environment:709 - Bytecode provider name : javassist
14:46:15,513  INFO Environment:627 - using JDK 1.4 java.sql.Timestamp handling
14:46:15,571  INFO Configuration:1494 - configuring from file: hibernate.cfg.xml
14:46:15,606 DEBUG DTDEntityResolver:64 - trying to resolve system-id [http://hibernate.sourceforge.net/hibernate-configuration-3.0.dtd]
14:46:15,606 DEBUG DTDEntityResolver:66 - recognized hibernate namespace; attempting to resolve on classpath under org/hibernate/
14:46:15,607 DEBUG DTDEntityResolver:76 - located [http://hibernate.sourceforge.net/hibernate-configuration-3.0.dtd] in classpath
14:46:15,630 DEBUG Configuration:1421 - dialect=org.hibernate.dialect.HSQLDialect
14:46:15,631 DEBUG Configuration:1421 - connection.driver_class=org.hsqldb.jdbcDriver
14:46:15,631 DEBUG Configuration:1421 - connection.url=jdbc:hsqldb:hsql://localhost:9001/docshifter
14:46:15,631 DEBUG Configuration:1421 - connection.username=SA
14:46:15,632 DEBUG Configuration:1421 - connection.password=
14:46:15,632 DEBUG Configuration:1421 - default_schema=docshifter
14:46:15,632  INFO Configuration:1575 - Configured SessionFactory: null
14:46:15,633 DEBUG Configuration:1576 - properties: {hibernate.connection.password=, java.runtime.name=Java(TM) SE Runtime Environment, hibernate.default_schema=docshifter, sun.boot.library.path=C:\Program Files\Java\jre6\bin, java.vm.version=20.5-b03, hibernate.connection.username=SA, ant.library.dir=C:\Program Files\eclipse\plugins\org.apache.ant_1.8.3.v20120321-1730\lib, java.vm.vendor=Sun Microsystems Inc., java.vendor.url=http://java.sun.com/, path.separator=;, java.vm.name=Java HotSpot(TM) 64-Bit Server VM, file.encoding.pkg=sun.io, user.country=BE, sun.java.launcher=SUN_STANDARD, sun.os.patch.level=Service Pack 1, java.vm.specification.name=Java Virtual Machine Specification, user.dir=D:\workspaces\ds\DocShifterBeans, java.runtime.version=1.6.0_30-b12, java.awt.graphicsenv=sun.awt.Win32GraphicsEnvironment, java.endorsed.dirs=C:\Program Files\Java\jre6\lib\endorsed, os.arch=amd64, java.io.tmpdir=C:\Users\MICHIE~1.VAN\AppData\Local\Temp\, line.separator=
, java.vm.specification.vendor=Sun Microsystems Inc., default_schema=docshifter, user.variant=, os.name=Windows 7, ant.home=C:\Program Files\eclipse\plugins\org.apache.ant_1.8.3.v20120321-1730, sun.jnu.encoding=Cp1252, java.library.path=C:\Windows\system32;C:\Windows\Sun\Java\bin;C:\Windows\system32;C:\Windows;C:\Program Files (x86)\SenchaSDKTools-2.0.0-beta3;C:\Ruby193\bin;C:\Program Files\Documentum\Shared;C:\Users\lander.beeuwsaert.DOCBYTE\AppData\Local\Google\Chrome\Application;C:\Windows\system32;C:\Windows;C:\Windows\System32\Wbem;C:\Windows\System32\WindowsPowerShell\v1.0\;C:\Program Files\Intel\WiFi\bin\;C:\Program Files\Common Files\Intel\WirelessCommon\;C:\Program Files\TortoiseSVN\bin;C:\Program Files (x86)\Git\cmd;C:\Program Files\nodejs\;C:\Program Files (x86)\Belgium Identity Card;C:\Program Files (x86)\Microsoft SQL Server\100\Tools\Binn\;C:\Program Files\Microsoft SQL Server\100\Tools\Binn\;C:\Program Files\Microsoft SQL Server\100\DTS\Binn\;C:\Program Files (x86)\Liquid Technologies\Liquid XML Studio 2012\XmlDataBinder10\Redist10\cpp\win32\bin;C:\Users\michiel.vandriessche\AppData\Roaming\npm\;C:\Program Files\Java\jdk1.6.0_21\bin;.;C:\Program Files\eclipse\configuration\org.eclipse.osgi\bundles\628\2\.cp, java.specification.name=Java Platform API Specification, java.class.version=50.0, sun.management.compiler=HotSpot 64-Bit Tiered Compilers, os.version=6.1, connection.password=, user.home=C:\Users\michiel.vandriessche, user.timezone=Europe/Paris, connection.username=SA, java.awt.printerjob=sun.awt.windows.WPrinterJob, file.encoding=Cp1252, java.specification.version=1.6, hibernate.connection.driver_class=org.hsqldb.jdbcDriver, java.class.path=C:\Program Files\eclipse\plugins\org.apache.ant_1.8.3.v20120321-1730\lib\ant-antlr.jar;C:\Program Files\eclipse\plugins\org.apache.ant_1.8.3.v20120321-1730\lib\ant-apache-bcel.jar;C:\Program Files\eclipse\plugins\org.apache.ant_1.8.3.v20120321-1730\lib\ant-apache-bsf.jar;C:\Program Files\eclipse\plugins\org.apache.ant_1.8.3.v20120321-1730\lib\ant-apache-log4j.jar;C:\Program Files\eclipse\plugins\org.apache.ant_1.8.3.v20120321-1730\lib\ant-apache-oro.jar;C:\Program Files\eclipse\plugins\org.apache.ant_1.8.3.v20120321-1730\lib\ant-apache-regexp.jar;C:\Program Files\eclipse\plugins\org.apache.ant_1.8.3.v20120321-1730\lib\ant-apache-resolver.jar;C:\Program Files\eclipse\plugins\org.apache.ant_1.8.3.v20120321-1730\lib\ant-apache-xalan2.jar;C:\Program Files\eclipse\plugins\org.apache.ant_1.8.3.v20120321-1730\lib\ant-commons-logging.jar;C:\Program Files\eclipse\plugins\org.apache.ant_1.8.3.v20120321-1730\lib\ant-commons-net.jar;C:\Program Files\eclipse\plugins\org.apache.ant_1.8.3.v20120321-1730\lib\ant-jai.jar;C:\Program Files\eclipse\plugins\org.apache.ant_1.8.3.v20120321-1730\lib\ant-javamail.jar;C:\Program Files\eclipse\plugins\org.apache.ant_1.8.3.v20120321-1730\lib\ant-jdepend.jar;C:\Program Files\eclipse\plugins\org.apache.ant_1.8.3.v20120321-1730\lib\ant-jmf.jar;C:\Program Files\eclipse\plugins\org.apache.ant_1.8.3.v20120321-1730\lib\ant-jsch.jar;C:\Program Files\eclipse\plugins\org.apache.ant_1.8.3.v20120321-1730\lib\ant-junit.jar;C:\Program Files\eclipse\plugins\org.apache.ant_1.8.3.v20120321-1730\lib\ant-junit4.jar;C:\Program Files\eclipse\plugins\org.apache.ant_1.8.3.v20120321-1730\lib\ant-launcher.jar;C:\Program Files\eclipse\plugins\org.apache.ant_1.8.3.v20120321-1730\lib\ant-netrexx.jar;C:\Program Files\eclipse\plugins\org.apache.ant_1.8.3.v20120321-1730\lib\ant-swing.jar;C:\Program Files\eclipse\plugins\org.apache.ant_1.8.3.v20120321-1730\lib\ant-testutil.jar;C:\Program Files\eclipse\plugins\org.apache.ant_1.8.3.v20120321-1730\lib\ant.jar;C:\Program Files\eclipse\configuration\org.eclipse.osgi\bundles\57\2\.cp\lib\antdebug.jar;C:\Program Files\eclipse\configuration\org.eclipse.osgi\bundles\57\2\.cp\lib\remote.jar;C:\Program Files\eclipse\configuration\org.eclipse.osgi\bundles\58\2\.cp\lib\remoteAnt.jar;C:\Program Files\Documentum\java\1.5.0_12\lib\tools.jar;C:\Program Files\eclipse\plugins\org.eclipse.swt.win32.win32.x86_64_3.100.0.v4233d.jar, user.name=michiel.vandriessche, hibernate.bytecode.use_reflection_optimizer=false, java.vm.specification.version=1.0, sun.java.command=org.eclipse.ant.internal.launching.remote.InternalAntRunner -Dorg.eclipse.ant.core.ANT_PROCESS_ID=1346935574481 -Declipse.connect.port=64385 -Declipse.pdebuild.home=/C:/Program Files/eclipse/plugins/org.eclipse.pde.build_3.8.0.v20120523-1555/./ -Declipse.pdebuild.scripts=/C:/Program Files/eclipse/plugins/org.eclipse.pde.build_3.8.0.v20120523-1555/scripts/ -Declipse.pdebuild.templates=/C:/Program Files/eclipse/plugins/org.eclipse.pde.build_3.8.0.v20120523-1555/templates/ -Dant.home=C:\Program Files\eclipse\plugins\org.apache.ant_1.8.3.v20120321-1730 -logger org.eclipse.ant.internal.launching.remote.logger.RemoteAntBuildLogger -inputhandler org.eclipse.ant.internal.ui.antsupport.inputhandler.ProxyInputHandler -buildfile D:\workspaces\ds\DocShifterBeans\build.xml, java.home=C:\Program Files\Java\jre6, sun.arch.data.model=64, hibernate.connection.url=jdbc:hsqldb:hsql://localhost:9001/docshifter, hibernate.dialect=org.hibernate.dialect.HSQLDialect, user.language=nl, java.specification.vendor=Sun Microsystems Inc., awt.toolkit=sun.awt.windows.WToolkit, java.vm.info=mixed mode, java.version=1.6.0_30, java.ext.dirs=C:\Program Files\Java\jre6\lib\ext;C:\Windows\Sun\Java\lib\ext, sun.boot.class.path=C:\Program Files\Java\jre6\lib\resources.jar;C:\Program Files\Java\jre6\lib\rt.jar;C:\Program Files\Java\jre6\lib\sunrsasign.jar;C:\Program Files\Java\jre6\lib\jsse.jar;C:\Program Files\Java\jre6\lib\jce.jar;C:\Program Files\Java\jre6\lib\charsets.jar;C:\Program Files\Java\jre6\lib\modules\jdk.boot.jar;C:\Program Files\Java\jre6\classes, java.vendor=Sun Microsystems Inc., connection.driver_class=org.hsqldb.jdbcDriver, file.separator=\, java.vendor.url.bug=http://java.sun.com/cgi-bin/bugreport.cgi, sun.io.unicode.encoding=UnicodeLittle, sun.cpu.endian=little, sun.desktop=windows, connection.url=jdbc:hsqldb:hsql://localhost:9001/docshifter, dialect=org.hibernate.dialect.HSQLDialect, sun.cpu.isalist=amd64}
14:46:15,635 DEBUG Configuration:1153 - processing extends queue
14:46:15,635 DEBUG Configuration:1157 - processing collection mappings
14:46:15,636 DEBUG Configuration:1168 - processing native query and ResultSetMapping mappings
14:46:15,636 DEBUG Configuration:1176 - processing association property references
14:46:15,637 DEBUG Configuration:1198 - processing foreign key constraints
14:46:15,667 DEBUG Hbm2DDLExporter:138 - org.hibernate.tool.hbm2x.Hbm2DDLExporter outputdir:D:\workspaces\ds\DocShifterBeans\_deliverables path: []
14:46:15,735  INFO Version:15 - Hibernate Tools 3.2.4.GA
14:46:15,759  INFO Dialect:175 - Using dialect: org.hibernate.dialect.HSQLDialect
14:46:15,803 DEBUG Configuration:1153 - processing extends queue
14:46:15,803 DEBUG Configuration:1157 - processing collection mappings
14:46:15,804 DEBUG Configuration:1168 - processing native query and ResultSetMapping mappings
14:46:15,804 DEBUG Configuration:1176 - processing association property references
14:46:15,804 DEBUG Configuration:1198 - processing foreign key constraints
14:46:15,806 DEBUG Configuration:1153 - processing extends queue
14:46:15,807 DEBUG Configuration:1157 - processing collection mappings
14:46:15,807 DEBUG Configuration:1168 - processing native query and ResultSetMapping mappings
14:46:15,807 DEBUG Configuration:1176 - processing association property references
14:46:15,808 DEBUG Configuration:1198 - processing foreign key constraints
14:46:15,813  INFO SchemaExport:226 - Running hbm2ddl schema export
14:46:15,814 DEBUG SchemaExport:242 - import file not found: /import.sql
14:46:15,815  INFO SchemaExport:246 - writing generated schema to file: D:\workspaces\ds\DocShifterBeans\_deliverables\sql.ddl
14:46:15,816  INFO SchemaExport:268 - schema export complete
15:06:04,509  INFO Environment:543 - Hibernate 3.3.1.GA
15:06:04,517  INFO Environment:576 - hibernate.properties not found
15:06:04,522  INFO Environment:709 - Bytecode provider name : javassist
15:06:04,528  INFO Environment:627 - using JDK 1.4 java.sql.Timestamp handling
15:06:04,592  INFO Configuration:1494 - configuring from file: hibernate.cfg.xml
15:06:04,626 DEBUG DTDEntityResolver:64 - trying to resolve system-id [http://hibernate.sourceforge.net/hibernate-configuration-3.0.dtd]
15:06:04,637 DEBUG DTDEntityResolver:66 - recognized hibernate namespace; attempting to resolve on classpath under org/hibernate/
15:06:04,638 DEBUG DTDEntityResolver:76 - located [http://hibernate.sourceforge.net/hibernate-configuration-3.0.dtd] in classpath
15:06:04,662 DEBUG Configuration:1421 - dialect=org.hibernate.dialect.HSQLDialect
15:06:04,662 DEBUG Configuration:1421 - connection.driver_class=org.hsqldb.jdbcDriver
15:06:04,663 DEBUG Configuration:1421 - connection.url=jdbc:hsqldb:hsql://localhost:9001/docshifter
15:06:04,663 DEBUG Configuration:1421 - connection.username=SA
15:06:04,663 DEBUG Configuration:1421 - connection.password=
15:06:04,664 DEBUG Configuration:1421 - default_schema=docshifter
15:06:04,664  INFO Configuration:1575 - Configured SessionFactory: null
15:06:04,665 DEBUG Configuration:1576 - properties: {hibernate.connection.password=, java.runtime.name=Java(TM) SE Runtime Environment, hibernate.default_schema=docshifter, sun.boot.library.path=C:\Program Files\Java\jre6\bin, java.vm.version=20.5-b03, hibernate.connection.username=SA, ant.library.dir=C:\Program Files\eclipse\plugins\org.apache.ant_1.8.3.v20120321-1730\lib, java.vm.vendor=Sun Microsystems Inc., java.vendor.url=http://java.sun.com/, path.separator=;, java.vm.name=Java HotSpot(TM) 64-Bit Server VM, file.encoding.pkg=sun.io, user.country=BE, sun.java.launcher=SUN_STANDARD, sun.os.patch.level=Service Pack 1, java.vm.specification.name=Java Virtual Machine Specification, user.dir=D:\workspaces\ds\DocShifterBeans, java.runtime.version=1.6.0_30-b12, java.awt.graphicsenv=sun.awt.Win32GraphicsEnvironment, java.endorsed.dirs=C:\Program Files\Java\jre6\lib\endorsed, os.arch=amd64, java.io.tmpdir=C:\Users\MICHIE~1.VAN\AppData\Local\Temp\, line.separator=
, java.vm.specification.vendor=Sun Microsystems Inc., default_schema=docshifter, user.variant=, os.name=Windows 7, ant.home=C:\Program Files\eclipse\plugins\org.apache.ant_1.8.3.v20120321-1730, sun.jnu.encoding=Cp1252, java.library.path=C:\Windows\system32;C:\Windows\Sun\Java\bin;C:\Windows\system32;C:\Windows;C:\Program Files (x86)\SenchaSDKTools-2.0.0-beta3;C:\Ruby193\bin;C:\Program Files\Documentum\Shared;C:\Users\lander.beeuwsaert.DOCBYTE\AppData\Local\Google\Chrome\Application;C:\Windows\system32;C:\Windows;C:\Windows\System32\Wbem;C:\Windows\System32\WindowsPowerShell\v1.0\;C:\Program Files\Intel\WiFi\bin\;C:\Program Files\Common Files\Intel\WirelessCommon\;C:\Program Files\TortoiseSVN\bin;C:\Program Files (x86)\Git\cmd;C:\Program Files\nodejs\;C:\Program Files (x86)\Belgium Identity Card;C:\Program Files (x86)\Microsoft SQL Server\100\Tools\Binn\;C:\Program Files\Microsoft SQL Server\100\Tools\Binn\;C:\Program Files\Microsoft SQL Server\100\DTS\Binn\;C:\Program Files (x86)\Liquid Technologies\Liquid XML Studio 2012\XmlDataBinder10\Redist10\cpp\win32\bin;C:\Users\michiel.vandriessche\AppData\Roaming\npm\;C:\Program Files\Java\jdk1.6.0_21\bin;.;C:\Program Files\eclipse\configuration\org.eclipse.osgi\bundles\628\2\.cp, java.specification.name=Java Platform API Specification, java.class.version=50.0, sun.management.compiler=HotSpot 64-Bit Tiered Compilers, os.version=6.1, connection.password=, user.home=C:\Users\michiel.vandriessche, user.timezone=Europe/Paris, connection.username=SA, java.awt.printerjob=sun.awt.windows.WPrinterJob, file.encoding=Cp1252, java.specification.version=1.6, hibernate.connection.driver_class=org.hsqldb.jdbcDriver, java.class.path=C:\Program Files\eclipse\plugins\org.apache.ant_1.8.3.v20120321-1730\lib\ant-antlr.jar;C:\Program Files\eclipse\plugins\org.apache.ant_1.8.3.v20120321-1730\lib\ant-apache-bcel.jar;C:\Program Files\eclipse\plugins\org.apache.ant_1.8.3.v20120321-1730\lib\ant-apache-bsf.jar;C:\Program Files\eclipse\plugins\org.apache.ant_1.8.3.v20120321-1730\lib\ant-apache-log4j.jar;C:\Program Files\eclipse\plugins\org.apache.ant_1.8.3.v20120321-1730\lib\ant-apache-oro.jar;C:\Program Files\eclipse\plugins\org.apache.ant_1.8.3.v20120321-1730\lib\ant-apache-regexp.jar;C:\Program Files\eclipse\plugins\org.apache.ant_1.8.3.v20120321-1730\lib\ant-apache-resolver.jar;C:\Program Files\eclipse\plugins\org.apache.ant_1.8.3.v20120321-1730\lib\ant-apache-xalan2.jar;C:\Program Files\eclipse\plugins\org.apache.ant_1.8.3.v20120321-1730\lib\ant-commons-logging.jar;C:\Program Files\eclipse\plugins\org.apache.ant_1.8.3.v20120321-1730\lib\ant-commons-net.jar;C:\Program Files\eclipse\plugins\org.apache.ant_1.8.3.v20120321-1730\lib\ant-jai.jar;C:\Program Files\eclipse\plugins\org.apache.ant_1.8.3.v20120321-1730\lib\ant-javamail.jar;C:\Program Files\eclipse\plugins\org.apache.ant_1.8.3.v20120321-1730\lib\ant-jdepend.jar;C:\Program Files\eclipse\plugins\org.apache.ant_1.8.3.v20120321-1730\lib\ant-jmf.jar;C:\Program Files\eclipse\plugins\org.apache.ant_1.8.3.v20120321-1730\lib\ant-jsch.jar;C:\Program Files\eclipse\plugins\org.apache.ant_1.8.3.v20120321-1730\lib\ant-junit.jar;C:\Program Files\eclipse\plugins\org.apache.ant_1.8.3.v20120321-1730\lib\ant-junit4.jar;C:\Program Files\eclipse\plugins\org.apache.ant_1.8.3.v20120321-1730\lib\ant-launcher.jar;C:\Program Files\eclipse\plugins\org.apache.ant_1.8.3.v20120321-1730\lib\ant-netrexx.jar;C:\Program Files\eclipse\plugins\org.apache.ant_1.8.3.v20120321-1730\lib\ant-swing.jar;C:\Program Files\eclipse\plugins\org.apache.ant_1.8.3.v20120321-1730\lib\ant-testutil.jar;C:\Program Files\eclipse\plugins\org.apache.ant_1.8.3.v20120321-1730\lib\ant.jar;C:\Program Files\eclipse\configuration\org.eclipse.osgi\bundles\57\2\.cp\lib\antdebug.jar;C:\Program Files\eclipse\configuration\org.eclipse.osgi\bundles\57\2\.cp\lib\remote.jar;C:\Program Files\eclipse\configuration\org.eclipse.osgi\bundles\58\2\.cp\lib\remoteAnt.jar;C:\Program Files\Documentum\java\1.5.0_12\lib\tools.jar;C:\Program Files\eclipse\plugins\org.eclipse.swt.win32.win32.x86_64_3.100.0.v4233d.jar, user.name=michiel.vandriessche, hibernate.bytecode.use_reflection_optimizer=false, java.vm.specification.version=1.0, sun.java.command=org.eclipse.ant.internal.launching.remote.InternalAntRunner -Dorg.eclipse.ant.core.ANT_PROCESS_ID=1346936763529 -Declipse.connect.port=64433 -Declipse.pdebuild.home=/C:/Program Files/eclipse/plugins/org.eclipse.pde.build_3.8.0.v20120523-1555/./ -Declipse.pdebuild.scripts=/C:/Program Files/eclipse/plugins/org.eclipse.pde.build_3.8.0.v20120523-1555/scripts/ -Declipse.pdebuild.templates=/C:/Program Files/eclipse/plugins/org.eclipse.pde.build_3.8.0.v20120523-1555/templates/ -Dant.home=C:\Program Files\eclipse\plugins\org.apache.ant_1.8.3.v20120321-1730 -logger org.eclipse.ant.internal.launching.remote.logger.RemoteAntBuildLogger -inputhandler org.eclipse.ant.internal.ui.antsupport.inputhandler.ProxyInputHandler -buildfile D:\workspaces\ds\DocShifterBeans\build.xml, java.home=C:\Program Files\Java\jre6, sun.arch.data.model=64, hibernate.connection.url=jdbc:hsqldb:hsql://localhost:9001/docshifter, hibernate.dialect=org.hibernate.dialect.HSQLDialect, user.language=nl, java.specification.vendor=Sun Microsystems Inc., awt.toolkit=sun.awt.windows.WToolkit, java.vm.info=mixed mode, java.version=1.6.0_30, java.ext.dirs=C:\Program Files\Java\jre6\lib\ext;C:\Windows\Sun\Java\lib\ext, sun.boot.class.path=C:\Program Files\Java\jre6\lib\resources.jar;C:\Program Files\Java\jre6\lib\rt.jar;C:\Program Files\Java\jre6\lib\sunrsasign.jar;C:\Program Files\Java\jre6\lib\jsse.jar;C:\Program Files\Java\jre6\lib\jce.jar;C:\Program Files\Java\jre6\lib\charsets.jar;C:\Program Files\Java\jre6\lib\modules\jdk.boot.jar;C:\Program Files\Java\jre6\classes, java.vendor=Sun Microsystems Inc., connection.driver_class=org.hsqldb.jdbcDriver, file.separator=\, java.vendor.url.bug=http://java.sun.com/cgi-bin/bugreport.cgi, sun.io.unicode.encoding=UnicodeLittle, sun.cpu.endian=little, sun.desktop=windows, connection.url=jdbc:hsqldb:hsql://localhost:9001/docshifter, dialect=org.hibernate.dialect.HSQLDialect, sun.cpu.isalist=amd64}
15:06:04,667 DEBUG Configuration:1153 - processing extends queue
15:06:04,668 DEBUG Configuration:1157 - processing collection mappings
15:06:04,668 DEBUG Configuration:1168 - processing native query and ResultSetMapping mappings
15:06:04,669 DEBUG Configuration:1176 - processing association property references
15:06:04,670 DEBUG Configuration:1198 - processing foreign key constraints
15:06:04,701 DEBUG Hbm2DDLExporter:138 - org.hibernate.tool.hbm2x.Hbm2DDLExporter outputdir:D:\workspaces\ds\DocShifterBeans\_deliverables path: []
15:06:04,771  INFO Version:15 - Hibernate Tools 3.2.4.GA
15:06:04,797  INFO Dialect:175 - Using dialect: org.hibernate.dialect.HSQLDialect
15:06:04,841 DEBUG Configuration:1153 - processing extends queue
15:06:04,841 DEBUG Configuration:1157 - processing collection mappings
15:06:04,842 DEBUG Configuration:1168 - processing native query and ResultSetMapping mappings
15:06:04,842 DEBUG Configuration:1176 - processing association property references
15:06:04,842 DEBUG Configuration:1198 - processing foreign key constraints
15:06:04,844 DEBUG Configuration:1153 - processing extends queue
15:06:04,844 DEBUG Configuration:1157 - processing collection mappings
15:06:04,844 DEBUG Configuration:1168 - processing native query and ResultSetMapping mappings
15:06:04,845 DEBUG Configuration:1176 - processing association property references
15:06:04,845 DEBUG Configuration:1198 - processing foreign key constraints
15:06:04,848  INFO SchemaExport:226 - Running hbm2ddl schema export
15:06:04,849 DEBUG SchemaExport:242 - import file not found: /import.sql
15:06:04,849  INFO SchemaExport:246 - writing generated schema to file: D:\workspaces\ds\DocShifterBeans\_deliverables\sql.ddl
15:06:04,850  INFO SchemaExport:268 - schema export complete
15:12:40,372  INFO Environment:543 - Hibernate 3.3.1.GA
15:12:40,378  INFO Environment:576 - hibernate.properties not found
15:12:40,382  INFO Environment:709 - Bytecode provider name : javassist
15:12:40,388  INFO Environment:627 - using JDK 1.4 java.sql.Timestamp handling
15:12:40,448  INFO Configuration:1494 - configuring from file: hibernate.cfg.xml
15:12:40,479 DEBUG DTDEntityResolver:64 - trying to resolve system-id [http://hibernate.sourceforge.net/hibernate-configuration-3.0.dtd]
15:12:40,479 DEBUG DTDEntityResolver:66 - recognized hibernate namespace; attempting to resolve on classpath under org/hibernate/
15:12:40,480 DEBUG DTDEntityResolver:76 - located [http://hibernate.sourceforge.net/hibernate-configuration-3.0.dtd] in classpath
15:12:40,502 DEBUG Configuration:1421 - dialect=org.hibernate.dialect.HSQLDialect
15:12:40,503 DEBUG Configuration:1421 - connection.driver_class=org.hsqldb.jdbcDriver
15:12:40,503 DEBUG Configuration:1421 - connection.url=jdbc:hsqldb:hsql://localhost:9001/docshifter
15:12:40,503 DEBUG Configuration:1421 - connection.username=SA
15:12:40,504 DEBUG Configuration:1421 - connection.password=
15:12:40,504 DEBUG Configuration:1421 - default_schema=docshifter
15:12:40,505  INFO Configuration:1575 - Configured SessionFactory: null
15:12:40,506 DEBUG Configuration:1576 - properties: {hibernate.connection.password=, java.runtime.name=Java(TM) SE Runtime Environment, hibernate.default_schema=docshifter, sun.boot.library.path=C:\Program Files\Java\jre6\bin, java.vm.version=20.5-b03, hibernate.connection.username=SA, ant.library.dir=C:\Program Files\eclipse\plugins\org.apache.ant_1.8.3.v20120321-1730\lib, java.vm.vendor=Sun Microsystems Inc., java.vendor.url=http://java.sun.com/, path.separator=;, java.vm.name=Java HotSpot(TM) 64-Bit Server VM, file.encoding.pkg=sun.io, user.country=BE, sun.java.launcher=SUN_STANDARD, sun.os.patch.level=Service Pack 1, java.vm.specification.name=Java Virtual Machine Specification, user.dir=D:\workspaces\ds\DocShifterBeans, java.runtime.version=1.6.0_30-b12, java.awt.graphicsenv=sun.awt.Win32GraphicsEnvironment, java.endorsed.dirs=C:\Program Files\Java\jre6\lib\endorsed, os.arch=amd64, java.io.tmpdir=C:\Users\MICHIE~1.VAN\AppData\Local\Temp\, line.separator=
, java.vm.specification.vendor=Sun Microsystems Inc., default_schema=docshifter, user.variant=, os.name=Windows 7, ant.home=C:\Program Files\eclipse\plugins\org.apache.ant_1.8.3.v20120321-1730, sun.jnu.encoding=Cp1252, java.library.path=C:\Windows\system32;C:\Windows\Sun\Java\bin;C:\Windows\system32;C:\Windows;C:\Program Files (x86)\SenchaSDKTools-2.0.0-beta3;C:\Ruby193\bin;C:\Program Files\Documentum\Shared;C:\Users\lander.beeuwsaert.DOCBYTE\AppData\Local\Google\Chrome\Application;C:\Windows\system32;C:\Windows;C:\Windows\System32\Wbem;C:\Windows\System32\WindowsPowerShell\v1.0\;C:\Program Files\Intel\WiFi\bin\;C:\Program Files\Common Files\Intel\WirelessCommon\;C:\Program Files\TortoiseSVN\bin;C:\Program Files (x86)\Git\cmd;C:\Program Files\nodejs\;C:\Program Files (x86)\Belgium Identity Card;C:\Program Files (x86)\Microsoft SQL Server\100\Tools\Binn\;C:\Program Files\Microsoft SQL Server\100\Tools\Binn\;C:\Program Files\Microsoft SQL Server\100\DTS\Binn\;C:\Program Files (x86)\Liquid Technologies\Liquid XML Studio 2012\XmlDataBinder10\Redist10\cpp\win32\bin;C:\Users\michiel.vandriessche\AppData\Roaming\npm\;C:\Program Files\Java\jdk1.6.0_21\bin;.;C:\Program Files\eclipse\configuration\org.eclipse.osgi\bundles\628\2\.cp, java.specification.name=Java Platform API Specification, java.class.version=50.0, sun.management.compiler=HotSpot 64-Bit Tiered Compilers, os.version=6.1, connection.password=, user.home=C:\Users\michiel.vandriessche, user.timezone=Europe/Paris, connection.username=SA, java.awt.printerjob=sun.awt.windows.WPrinterJob, file.encoding=Cp1252, java.specification.version=1.6, hibernate.connection.driver_class=org.hsqldb.jdbcDriver, java.class.path=C:\Program Files\eclipse\plugins\org.apache.ant_1.8.3.v20120321-1730\lib\ant-antlr.jar;C:\Program Files\eclipse\plugins\org.apache.ant_1.8.3.v20120321-1730\lib\ant-apache-bcel.jar;C:\Program Files\eclipse\plugins\org.apache.ant_1.8.3.v20120321-1730\lib\ant-apache-bsf.jar;C:\Program Files\eclipse\plugins\org.apache.ant_1.8.3.v20120321-1730\lib\ant-apache-log4j.jar;C:\Program Files\eclipse\plugins\org.apache.ant_1.8.3.v20120321-1730\lib\ant-apache-oro.jar;C:\Program Files\eclipse\plugins\org.apache.ant_1.8.3.v20120321-1730\lib\ant-apache-regexp.jar;C:\Program Files\eclipse\plugins\org.apache.ant_1.8.3.v20120321-1730\lib\ant-apache-resolver.jar;C:\Program Files\eclipse\plugins\org.apache.ant_1.8.3.v20120321-1730\lib\ant-apache-xalan2.jar;C:\Program Files\eclipse\plugins\org.apache.ant_1.8.3.v20120321-1730\lib\ant-commons-logging.jar;C:\Program Files\eclipse\plugins\org.apache.ant_1.8.3.v20120321-1730\lib\ant-commons-net.jar;C:\Program Files\eclipse\plugins\org.apache.ant_1.8.3.v20120321-1730\lib\ant-jai.jar;C:\Program Files\eclipse\plugins\org.apache.ant_1.8.3.v20120321-1730\lib\ant-javamail.jar;C:\Program Files\eclipse\plugins\org.apache.ant_1.8.3.v20120321-1730\lib\ant-jdepend.jar;C:\Program Files\eclipse\plugins\org.apache.ant_1.8.3.v20120321-1730\lib\ant-jmf.jar;C:\Program Files\eclipse\plugins\org.apache.ant_1.8.3.v20120321-1730\lib\ant-jsch.jar;C:\Program Files\eclipse\plugins\org.apache.ant_1.8.3.v20120321-1730\lib\ant-junit.jar;C:\Program Files\eclipse\plugins\org.apache.ant_1.8.3.v20120321-1730\lib\ant-junit4.jar;C:\Program Files\eclipse\plugins\org.apache.ant_1.8.3.v20120321-1730\lib\ant-launcher.jar;C:\Program Files\eclipse\plugins\org.apache.ant_1.8.3.v20120321-1730\lib\ant-netrexx.jar;C:\Program Files\eclipse\plugins\org.apache.ant_1.8.3.v20120321-1730\lib\ant-swing.jar;C:\Program Files\eclipse\plugins\org.apache.ant_1.8.3.v20120321-1730\lib\ant-testutil.jar;C:\Program Files\eclipse\plugins\org.apache.ant_1.8.3.v20120321-1730\lib\ant.jar;C:\Program Files\eclipse\configuration\org.eclipse.osgi\bundles\57\2\.cp\lib\antdebug.jar;C:\Program Files\eclipse\configuration\org.eclipse.osgi\bundles\57\2\.cp\lib\remote.jar;C:\Program Files\eclipse\configuration\org.eclipse.osgi\bundles\58\2\.cp\lib\remoteAnt.jar;C:\Program Files\Documentum\java\1.5.0_12\lib\tools.jar;C:\Program Files\eclipse\plugins\org.eclipse.swt.win32.win32.x86_64_3.100.0.v4233d.jar, user.name=michiel.vandriessche, hibernate.bytecode.use_reflection_optimizer=false, java.vm.specification.version=1.0, sun.java.command=org.eclipse.ant.internal.launching.remote.InternalAntRunner -Dorg.eclipse.ant.core.ANT_PROCESS_ID=1346937159405 -Declipse.connect.port=64466 -Declipse.pdebuild.home=/C:/Program Files/eclipse/plugins/org.eclipse.pde.build_3.8.0.v20120523-1555/./ -Declipse.pdebuild.scripts=/C:/Program Files/eclipse/plugins/org.eclipse.pde.build_3.8.0.v20120523-1555/scripts/ -Declipse.pdebuild.templates=/C:/Program Files/eclipse/plugins/org.eclipse.pde.build_3.8.0.v20120523-1555/templates/ -Dant.home=C:\Program Files\eclipse\plugins\org.apache.ant_1.8.3.v20120321-1730 -logger org.eclipse.ant.internal.launching.remote.logger.RemoteAntBuildLogger -inputhandler org.eclipse.ant.internal.ui.antsupport.inputhandler.ProxyInputHandler -buildfile D:\workspaces\ds\DocShifterBeans\build.xml, java.home=C:\Program Files\Java\jre6, sun.arch.data.model=64, hibernate.connection.url=jdbc:hsqldb:hsql://localhost:9001/docshifter, hibernate.dialect=org.hibernate.dialect.HSQLDialect, user.language=nl, java.specification.vendor=Sun Microsystems Inc., awt.toolkit=sun.awt.windows.WToolkit, java.vm.info=mixed mode, java.version=1.6.0_30, java.ext.dirs=C:\Program Files\Java\jre6\lib\ext;C:\Windows\Sun\Java\lib\ext, sun.boot.class.path=C:\Program Files\Java\jre6\lib\resources.jar;C:\Program Files\Java\jre6\lib\rt.jar;C:\Program Files\Java\jre6\lib\sunrsasign.jar;C:\Program Files\Java\jre6\lib\jsse.jar;C:\Program Files\Java\jre6\lib\jce.jar;C:\Program Files\Java\jre6\lib\charsets.jar;C:\Program Files\Java\jre6\lib\modules\jdk.boot.jar;C:\Program Files\Java\jre6\classes, java.vendor=Sun Microsystems Inc., connection.driver_class=org.hsqldb.jdbcDriver, file.separator=\, java.vendor.url.bug=http://java.sun.com/cgi-bin/bugreport.cgi, sun.io.unicode.encoding=UnicodeLittle, sun.cpu.endian=little, sun.desktop=windows, connection.url=jdbc:hsqldb:hsql://localhost:9001/docshifter, dialect=org.hibernate.dialect.HSQLDialect, sun.cpu.isalist=amd64}
15:12:40,507 DEBUG Configuration:1153 - processing extends queue
15:12:40,508 DEBUG Configuration:1157 - processing collection mappings
15:12:40,509 DEBUG Configuration:1168 - processing native query and ResultSetMapping mappings
15:12:40,509 DEBUG Configuration:1176 - processing association property references
15:12:40,509 DEBUG Configuration:1198 - processing foreign key constraints
15:12:40,541 DEBUG Hbm2DDLExporter:138 - org.hibernate.tool.hbm2x.Hbm2DDLExporter outputdir:D:\workspaces\ds\DocShifterBeans\_deliverables path: []
15:12:40,603  INFO Version:15 - Hibernate Tools 3.2.4.GA
15:12:40,629  INFO Dialect:175 - Using dialect: org.hibernate.dialect.HSQLDialect
15:12:40,679 DEBUG Configuration:1153 - processing extends queue
15:12:40,680 DEBUG Configuration:1157 - processing collection mappings
15:12:40,680 DEBUG Configuration:1168 - processing native query and ResultSetMapping mappings
15:12:40,680 DEBUG Configuration:1176 - processing association property references
15:12:40,681 DEBUG Configuration:1198 - processing foreign key constraints
15:12:40,683 DEBUG Configuration:1153 - processing extends queue
15:12:40,683 DEBUG Configuration:1157 - processing collection mappings
15:12:40,683 DEBUG Configuration:1168 - processing native query and ResultSetMapping mappings
15:12:40,684 DEBUG Configuration:1176 - processing association property references
15:12:40,684 DEBUG Configuration:1198 - processing foreign key constraints
15:12:40,688  INFO SchemaExport:226 - Running hbm2ddl schema export
15:12:40,689 DEBUG SchemaExport:242 - import file not found: /import.sql
15:12:40,690  INFO SchemaExport:246 - writing generated schema to file: D:\workspaces\ds\DocShifterBeans\_deliverables\sql.ddl
15:12:40,691  INFO SchemaExport:268 - schema export complete
15:14:41,445  INFO Environment:543 - Hibernate 3.3.1.GA
15:14:41,453  INFO Environment:576 - hibernate.properties not found
15:14:41,457  INFO Environment:709 - Bytecode provider name : javassist
15:14:41,464  INFO Environment:627 - using JDK 1.4 java.sql.Timestamp handling
15:14:41,523  INFO Configuration:1494 - configuring from file: hibernate.cfg.xml
15:14:41,561 DEBUG DTDEntityResolver:64 - trying to resolve system-id [http://hibernate.sourceforge.net/hibernate-configuration-3.0.dtd]
15:14:41,561 DEBUG DTDEntityResolver:66 - recognized hibernate namespace; attempting to resolve on classpath under org/hibernate/
15:14:41,562 DEBUG DTDEntityResolver:76 - located [http://hibernate.sourceforge.net/hibernate-configuration-3.0.dtd] in classpath
15:14:41,586 DEBUG Configuration:1421 - dialect=org.hibernate.dialect.HSQLDialect
15:14:41,586 DEBUG Configuration:1421 - connection.driver_class=org.hsqldb.jdbcDriver
15:14:41,586 DEBUG Configuration:1421 - connection.url=jdbc:hsqldb:hsql://localhost:9001/docshifter
15:14:41,587 DEBUG Configuration:1421 - connection.username=SA
15:14:41,587 DEBUG Configuration:1421 - connection.password=
15:14:41,588 DEBUG Configuration:1421 - default_schema=docshifter
15:14:41,588  INFO Configuration:1575 - Configured SessionFactory: null
15:14:41,589 DEBUG Configuration:1576 - properties: {hibernate.connection.password=, java.runtime.name=Java(TM) SE Runtime Environment, hibernate.default_schema=docshifter, sun.boot.library.path=C:\Program Files\Java\jre6\bin, java.vm.version=20.5-b03, hibernate.connection.username=SA, ant.library.dir=C:\Program Files\eclipse\plugins\org.apache.ant_1.8.3.v20120321-1730\lib, java.vm.vendor=Sun Microsystems Inc., java.vendor.url=http://java.sun.com/, path.separator=;, java.vm.name=Java HotSpot(TM) 64-Bit Server VM, file.encoding.pkg=sun.io, user.country=BE, sun.java.launcher=SUN_STANDARD, sun.os.patch.level=Service Pack 1, java.vm.specification.name=Java Virtual Machine Specification, user.dir=D:\workspaces\ds\DocShifterBeans, java.runtime.version=1.6.0_30-b12, java.awt.graphicsenv=sun.awt.Win32GraphicsEnvironment, java.endorsed.dirs=C:\Program Files\Java\jre6\lib\endorsed, os.arch=amd64, java.io.tmpdir=C:\Users\MICHIE~1.VAN\AppData\Local\Temp\, line.separator=
, java.vm.specification.vendor=Sun Microsystems Inc., default_schema=docshifter, user.variant=, os.name=Windows 7, ant.home=C:\Program Files\eclipse\plugins\org.apache.ant_1.8.3.v20120321-1730, sun.jnu.encoding=Cp1252, java.library.path=C:\Windows\system32;C:\Windows\Sun\Java\bin;C:\Windows\system32;C:\Windows;C:\Program Files (x86)\SenchaSDKTools-2.0.0-beta3;C:\Ruby193\bin;C:\Program Files\Documentum\Shared;C:\Users\lander.beeuwsaert.DOCBYTE\AppData\Local\Google\Chrome\Application;C:\Windows\system32;C:\Windows;C:\Windows\System32\Wbem;C:\Windows\System32\WindowsPowerShell\v1.0\;C:\Program Files\Intel\WiFi\bin\;C:\Program Files\Common Files\Intel\WirelessCommon\;C:\Program Files\TortoiseSVN\bin;C:\Program Files (x86)\Git\cmd;C:\Program Files\nodejs\;C:\Program Files (x86)\Belgium Identity Card;C:\Program Files (x86)\Microsoft SQL Server\100\Tools\Binn\;C:\Program Files\Microsoft SQL Server\100\Tools\Binn\;C:\Program Files\Microsoft SQL Server\100\DTS\Binn\;C:\Program Files (x86)\Liquid Technologies\Liquid XML Studio 2012\XmlDataBinder10\Redist10\cpp\win32\bin;C:\Users\michiel.vandriessche\AppData\Roaming\npm\;C:\Program Files\Java\jdk1.6.0_21\bin;.;C:\Program Files\eclipse\configuration\org.eclipse.osgi\bundles\628\2\.cp, java.specification.name=Java Platform API Specification, java.class.version=50.0, sun.management.compiler=HotSpot 64-Bit Tiered Compilers, os.version=6.1, connection.password=, user.home=C:\Users\michiel.vandriessche, user.timezone=Europe/Paris, connection.username=SA, java.awt.printerjob=sun.awt.windows.WPrinterJob, file.encoding=Cp1252, java.specification.version=1.6, hibernate.connection.driver_class=org.hsqldb.jdbcDriver, java.class.path=C:\Program Files\eclipse\plugins\org.apache.ant_1.8.3.v20120321-1730\lib\ant-antlr.jar;C:\Program Files\eclipse\plugins\org.apache.ant_1.8.3.v20120321-1730\lib\ant-apache-bcel.jar;C:\Program Files\eclipse\plugins\org.apache.ant_1.8.3.v20120321-1730\lib\ant-apache-bsf.jar;C:\Program Files\eclipse\plugins\org.apache.ant_1.8.3.v20120321-1730\lib\ant-apache-log4j.jar;C:\Program Files\eclipse\plugins\org.apache.ant_1.8.3.v20120321-1730\lib\ant-apache-oro.jar;C:\Program Files\eclipse\plugins\org.apache.ant_1.8.3.v20120321-1730\lib\ant-apache-regexp.jar;C:\Program Files\eclipse\plugins\org.apache.ant_1.8.3.v20120321-1730\lib\ant-apache-resolver.jar;C:\Program Files\eclipse\plugins\org.apache.ant_1.8.3.v20120321-1730\lib\ant-apache-xalan2.jar;C:\Program Files\eclipse\plugins\org.apache.ant_1.8.3.v20120321-1730\lib\ant-commons-logging.jar;C:\Program Files\eclipse\plugins\org.apache.ant_1.8.3.v20120321-1730\lib\ant-commons-net.jar;C:\Program Files\eclipse\plugins\org.apache.ant_1.8.3.v20120321-1730\lib\ant-jai.jar;C:\Program Files\eclipse\plugins\org.apache.ant_1.8.3.v20120321-1730\lib\ant-javamail.jar;C:\Program Files\eclipse\plugins\org.apache.ant_1.8.3.v20120321-1730\lib\ant-jdepend.jar;C:\Program Files\eclipse\plugins\org.apache.ant_1.8.3.v20120321-1730\lib\ant-jmf.jar;C:\Program Files\eclipse\plugins\org.apache.ant_1.8.3.v20120321-1730\lib\ant-jsch.jar;C:\Program Files\eclipse\plugins\org.apache.ant_1.8.3.v20120321-1730\lib\ant-junit.jar;C:\Program Files\eclipse\plugins\org.apache.ant_1.8.3.v20120321-1730\lib\ant-junit4.jar;C:\Program Files\eclipse\plugins\org.apache.ant_1.8.3.v20120321-1730\lib\ant-launcher.jar;C:\Program Files\eclipse\plugins\org.apache.ant_1.8.3.v20120321-1730\lib\ant-netrexx.jar;C:\Program Files\eclipse\plugins\org.apache.ant_1.8.3.v20120321-1730\lib\ant-swing.jar;C:\Program Files\eclipse\plugins\org.apache.ant_1.8.3.v20120321-1730\lib\ant-testutil.jar;C:\Program Files\eclipse\plugins\org.apache.ant_1.8.3.v20120321-1730\lib\ant.jar;C:\Program Files\eclipse\configuration\org.eclipse.osgi\bundles\57\2\.cp\lib\antdebug.jar;C:\Program Files\eclipse\configuration\org.eclipse.osgi\bundles\57\2\.cp\lib\remote.jar;C:\Program Files\eclipse\configuration\org.eclipse.osgi\bundles\58\2\.cp\lib\remoteAnt.jar;C:\Program Files\Documentum\java\1.5.0_12\lib\tools.jar;C:\Program Files\eclipse\plugins\org.eclipse.swt.win32.win32.x86_64_3.100.0.v4233d.jar, user.name=michiel.vandriessche, hibernate.bytecode.use_reflection_optimizer=false, java.vm.specification.version=1.0, sun.java.command=org.eclipse.ant.internal.launching.remote.InternalAntRunner -Dorg.eclipse.ant.core.ANT_PROCESS_ID=1346937280421 -Declipse.connect.port=64478 -Declipse.pdebuild.home=/C:/Program Files/eclipse/plugins/org.eclipse.pde.build_3.8.0.v20120523-1555/./ -Declipse.pdebuild.scripts=/C:/Program Files/eclipse/plugins/org.eclipse.pde.build_3.8.0.v20120523-1555/scripts/ -Declipse.pdebuild.templates=/C:/Program Files/eclipse/plugins/org.eclipse.pde.build_3.8.0.v20120523-1555/templates/ -Dant.home=C:\Program Files\eclipse\plugins\org.apache.ant_1.8.3.v20120321-1730 -logger org.eclipse.ant.internal.launching.remote.logger.RemoteAntBuildLogger -inputhandler org.eclipse.ant.internal.ui.antsupport.inputhandler.ProxyInputHandler -buildfile D:\workspaces\ds\DocShifterBeans\build.xml, java.home=C:\Program Files\Java\jre6, sun.arch.data.model=64, hibernate.connection.url=jdbc:hsqldb:hsql://localhost:9001/docshifter, hibernate.dialect=org.hibernate.dialect.HSQLDialect, user.language=nl, java.specification.vendor=Sun Microsystems Inc., awt.toolkit=sun.awt.windows.WToolkit, java.vm.info=mixed mode, java.version=1.6.0_30, java.ext.dirs=C:\Program Files\Java\jre6\lib\ext;C:\Windows\Sun\Java\lib\ext, sun.boot.class.path=C:\Program Files\Java\jre6\lib\resources.jar;C:\Program Files\Java\jre6\lib\rt.jar;C:\Program Files\Java\jre6\lib\sunrsasign.jar;C:\Program Files\Java\jre6\lib\jsse.jar;C:\Program Files\Java\jre6\lib\jce.jar;C:\Program Files\Java\jre6\lib\charsets.jar;C:\Program Files\Java\jre6\lib\modules\jdk.boot.jar;C:\Program Files\Java\jre6\classes, java.vendor=Sun Microsystems Inc., connection.driver_class=org.hsqldb.jdbcDriver, file.separator=\, java.vendor.url.bug=http://java.sun.com/cgi-bin/bugreport.cgi, sun.io.unicode.encoding=UnicodeLittle, sun.cpu.endian=little, sun.desktop=windows, connection.url=jdbc:hsqldb:hsql://localhost:9001/docshifter, dialect=org.hibernate.dialect.HSQLDialect, sun.cpu.isalist=amd64}
15:14:41,590 DEBUG Configuration:1153 - processing extends queue
15:14:41,591 DEBUG Configuration:1157 - processing collection mappings
15:14:41,591 DEBUG Configuration:1168 - processing native query and ResultSetMapping mappings
15:14:41,592 DEBUG Configuration:1176 - processing association property references
15:14:41,592 DEBUG Configuration:1198 - processing foreign key constraints
15:14:41,624 DEBUG Hbm2DDLExporter:138 - org.hibernate.tool.hbm2x.Hbm2DDLExporter outputdir:D:\workspaces\ds\DocShifterBeans\_deliverables path: []
15:14:41,692  INFO Version:15 - Hibernate Tools 3.2.4.GA
15:14:41,719  INFO Dialect:175 - Using dialect: org.hibernate.dialect.HSQLDialect
15:14:41,761 DEBUG Configuration:1153 - processing extends queue
15:14:41,762 DEBUG Configuration:1157 - processing collection mappings
15:14:41,762 DEBUG Configuration:1168 - processing native query and ResultSetMapping mappings
15:14:41,762 DEBUG Configuration:1176 - processing association property references
15:14:41,762 DEBUG Configuration:1198 - processing foreign key constraints
15:14:41,765 DEBUG Configuration:1153 - processing extends queue
15:14:41,765 DEBUG Configuration:1157 - processing collection mappings
15:14:41,765 DEBUG Configuration:1168 - processing native query and ResultSetMapping mappings
15:14:41,766 DEBUG Configuration:1176 - processing association property references
15:14:41,766 DEBUG Configuration:1198 - processing foreign key constraints
15:14:41,769  INFO SchemaExport:226 - Running hbm2ddl schema export
15:14:41,770 DEBUG SchemaExport:242 - import file not found: /import.sql
15:14:41,771  INFO SchemaExport:246 - writing generated schema to file: D:\workspaces\ds\DocShifterBeans\_deliverables\sql.ddl
15:14:41,771  INFO SchemaExport:268 - schema export complete
13:52:34,853  INFO Environment:543 - Hibernate 3.3.1.GA
13:52:34,893  INFO Environment:576 - hibernate.properties not found
13:52:34,899  INFO Environment:709 - Bytecode provider name : javassist
13:52:34,924  INFO Environment:627 - using JDK 1.4 java.sql.Timestamp handling
13:52:35,008  INFO Configuration:1494 - configuring from file: hibernate.cfg.xml
13:52:35,142 DEBUG DTDEntityResolver:64 - trying to resolve system-id [http://hibernate.sourceforge.net/hibernate-configuration-3.0.dtd]
13:52:35,142 DEBUG DTDEntityResolver:66 - recognized hibernate namespace; attempting to resolve on classpath under org/hibernate/
13:52:35,143 DEBUG DTDEntityResolver:76 - located [http://hibernate.sourceforge.net/hibernate-configuration-3.0.dtd] in classpath
13:52:35,197 DEBUG Configuration:1421 - dialect=org.hibernate.dialect.HSQLDialect
13:52:35,197 DEBUG Configuration:1421 - connection.driver_class=org.hsqldb.jdbcDriver
13:52:35,198 DEBUG Configuration:1421 - connection.url=jdbc:hsqldb:hsql://localhost:9001/docshifter
13:52:35,198 DEBUG Configuration:1421 - connection.username=SA
13:52:35,198 DEBUG Configuration:1421 - connection.password=
13:52:35,199 DEBUG Configuration:1421 - default_schema=docshifter
13:52:35,199  INFO Configuration:1575 - Configured SessionFactory: null
13:52:35,200 DEBUG Configuration:1576 - properties: {hibernate.connection.password=, java.runtime.name=Java(TM) SE Runtime Environment, hibernate.default_schema=docshifter, sun.boot.library.path=C:\Program Files\Java\jre6\bin, java.vm.version=20.5-b03, hibernate.connection.username=SA, ant.library.dir=C:\Program Files\eclipse\plugins\org.apache.ant_1.8.3.v20120321-1730\lib, java.vm.vendor=Sun Microsystems Inc., java.vendor.url=http://java.sun.com/, path.separator=;, java.vm.name=Java HotSpot(TM) 64-Bit Server VM, file.encoding.pkg=sun.io, user.country=BE, sun.java.launcher=SUN_STANDARD, sun.os.patch.level=Service Pack 1, java.vm.specification.name=Java Virtual Machine Specification, user.dir=D:\workspaces\ds\DocShifterBeans, java.runtime.version=1.6.0_30-b12, java.awt.graphicsenv=sun.awt.Win32GraphicsEnvironment, java.endorsed.dirs=C:\Program Files\Java\jre6\lib\endorsed, os.arch=amd64, java.io.tmpdir=C:\Users\MICHIE~1.VAN\AppData\Local\Temp\, line.separator=
, java.vm.specification.vendor=Sun Microsystems Inc., default_schema=docshifter, user.variant=, os.name=Windows 7, ant.home=C:\Program Files\eclipse\plugins\org.apache.ant_1.8.3.v20120321-1730, sun.jnu.encoding=Cp1252, java.library.path=C:\Windows\system32;C:\Windows\Sun\Java\bin;C:\Windows\system32;C:\Windows;C:\Program Files\Documentum\Shared;C:\Program Files (x86)\SenchaSDKTools-2.0.0-beta3;C:\Ruby193\bin;C:\Users\lander.beeuwsaert.DOCBYTE\AppData\Local\Google\Chrome\Application;C:\Windows\system32;C:\Windows;C:\Windows\System32\Wbem;C:\Windows\System32\WindowsPowerShell\v1.0\;C:\Program Files\Intel\WiFi\bin\;C:\Program Files\Common Files\Intel\WirelessCommon\;C:\Program Files\TortoiseSVN\bin;C:\Program Files (x86)\Git\cmd;C:\Program Files\nodejs\;C:\Program Files (x86)\Belgium Identity Card;C:\Program Files (x86)\Microsoft SQL Server\100\Tools\Binn\;C:\Program Files\Microsoft SQL Server\100\Tools\Binn\;C:\Program Files\Microsoft SQL Server\100\DTS\Binn\;C:\Program Files (x86)\Liquid Technologies\Liquid XML Studio 2012\XmlDataBinder10\Redist10\cpp\win32\bin;C:\Users\michiel.vandriessche\AppData\Roaming\npm\;C:\Program Files\Java\jdk1.6.0_21\bin;C:\Program Files\apache-ant-1.8.4\bin;.;C:\Program Files\eclipse\configuration\org.eclipse.osgi\bundles\628\2\.cp, java.specification.name=Java Platform API Specification, java.class.version=50.0, sun.management.compiler=HotSpot 64-Bit Tiered Compilers, os.version=6.1, connection.password=, user.home=C:\Users\michiel.vandriessche, user.timezone=Europe/Paris, connection.username=SA, java.awt.printerjob=sun.awt.windows.WPrinterJob, file.encoding=Cp1252, java.specification.version=1.6, hibernate.connection.driver_class=org.hsqldb.jdbcDriver, java.class.path=C:\Program Files\eclipse\plugins\org.apache.ant_1.8.3.v20120321-1730\lib\ant-antlr.jar;C:\Program Files\eclipse\plugins\org.apache.ant_1.8.3.v20120321-1730\lib\ant-apache-bcel.jar;C:\Program Files\eclipse\plugins\org.apache.ant_1.8.3.v20120321-1730\lib\ant-apache-bsf.jar;C:\Program Files\eclipse\plugins\org.apache.ant_1.8.3.v20120321-1730\lib\ant-apache-log4j.jar;C:\Program Files\eclipse\plugins\org.apache.ant_1.8.3.v20120321-1730\lib\ant-apache-oro.jar;C:\Program Files\eclipse\plugins\org.apache.ant_1.8.3.v20120321-1730\lib\ant-apache-regexp.jar;C:\Program Files\eclipse\plugins\org.apache.ant_1.8.3.v20120321-1730\lib\ant-apache-resolver.jar;C:\Program Files\eclipse\plugins\org.apache.ant_1.8.3.v20120321-1730\lib\ant-apache-xalan2.jar;C:\Program Files\eclipse\plugins\org.apache.ant_1.8.3.v20120321-1730\lib\ant-commons-logging.jar;C:\Program Files\eclipse\plugins\org.apache.ant_1.8.3.v20120321-1730\lib\ant-commons-net.jar;C:\Program Files\eclipse\plugins\org.apache.ant_1.8.3.v20120321-1730\lib\ant-jai.jar;C:\Program Files\eclipse\plugins\org.apache.ant_1.8.3.v20120321-1730\lib\ant-javamail.jar;C:\Program Files\eclipse\plugins\org.apache.ant_1.8.3.v20120321-1730\lib\ant-jdepend.jar;C:\Program Files\eclipse\plugins\org.apache.ant_1.8.3.v20120321-1730\lib\ant-jmf.jar;C:\Program Files\eclipse\plugins\org.apache.ant_1.8.3.v20120321-1730\lib\ant-jsch.jar;C:\Program Files\eclipse\plugins\org.apache.ant_1.8.3.v20120321-1730\lib\ant-junit.jar;C:\Program Files\eclipse\plugins\org.apache.ant_1.8.3.v20120321-1730\lib\ant-junit4.jar;C:\Program Files\eclipse\plugins\org.apache.ant_1.8.3.v20120321-1730\lib\ant-launcher.jar;C:\Program Files\eclipse\plugins\org.apache.ant_1.8.3.v20120321-1730\lib\ant-netrexx.jar;C:\Program Files\eclipse\plugins\org.apache.ant_1.8.3.v20120321-1730\lib\ant-swing.jar;C:\Program Files\eclipse\plugins\org.apache.ant_1.8.3.v20120321-1730\lib\ant-testutil.jar;C:\Program Files\eclipse\plugins\org.apache.ant_1.8.3.v20120321-1730\lib\ant.jar;C:\Program Files\eclipse\configuration\org.eclipse.osgi\bundles\57\2\.cp\lib\antdebug.jar;C:\Program Files\eclipse\configuration\org.eclipse.osgi\bundles\57\2\.cp\lib\remote.jar;C:\Program Files\eclipse\configuration\org.eclipse.osgi\bundles\58\2\.cp\lib\remoteAnt.jar;C:\Program Files\Java\jdk1.6.0_21\lib\tools.jar;C:\Program Files\eclipse\plugins\org.eclipse.swt.win32.win32.x86_64_3.100.0.v4233d.jar, user.name=michiel.vandriessche, hibernate.bytecode.use_reflection_optimizer=false, java.vm.specification.version=1.0, sun.java.command=org.eclipse.ant.internal.launching.remote.InternalAntRunner -Dorg.eclipse.ant.core.ANT_PROCESS_ID=1348141952942 -Declipse.connect.port=60822 -Declipse.pdebuild.home=/C:/Program Files/eclipse/plugins/org.eclipse.pde.build_3.8.0.v20120523-1555/./ -Declipse.pdebuild.scripts=/C:/Program Files/eclipse/plugins/org.eclipse.pde.build_3.8.0.v20120523-1555/scripts/ -Declipse.pdebuild.templates=/C:/Program Files/eclipse/plugins/org.eclipse.pde.build_3.8.0.v20120523-1555/templates/ -Dant.home=C:\Program Files\eclipse\plugins\org.apache.ant_1.8.3.v20120321-1730 -logger org.eclipse.ant.internal.launching.remote.logger.RemoteAntBuildLogger -inputhandler org.eclipse.ant.internal.ui.antsupport.inputhandler.ProxyInputHandler -buildfile D:\workspaces\ds\DocShifterBeans\build.xml, java.home=C:\Program Files\Java\jre6, sun.arch.data.model=64, hibernate.connection.url=jdbc:hsqldb:hsql://localhost:9001/docshifter, hibernate.dialect=org.hibernate.dialect.HSQLDialect, user.language=nl, java.specification.vendor=Sun Microsystems Inc., awt.toolkit=sun.awt.windows.WToolkit, java.vm.info=mixed mode, java.version=1.6.0_30, java.ext.dirs=C:\Program Files\Java\jre6\lib\ext;C:\Windows\Sun\Java\lib\ext, sun.boot.class.path=C:\Program Files\Java\jre6\lib\resources.jar;C:\Program Files\Java\jre6\lib\rt.jar;C:\Program Files\Java\jre6\lib\sunrsasign.jar;C:\Program Files\Java\jre6\lib\jsse.jar;C:\Program Files\Java\jre6\lib\jce.jar;C:\Program Files\Java\jre6\lib\charsets.jar;C:\Program Files\Java\jre6\lib\modules\jdk.boot.jar;C:\Program Files\Java\jre6\classes, java.vendor=Sun Microsystems Inc., connection.driver_class=org.hsqldb.jdbcDriver, file.separator=\, java.vendor.url.bug=http://java.sun.com/cgi-bin/bugreport.cgi, sun.io.unicode.encoding=UnicodeLittle, sun.cpu.endian=little, sun.desktop=windows, connection.url=jdbc:hsqldb:hsql://localhost:9001/docshifter, dialect=org.hibernate.dialect.HSQLDialect, sun.cpu.isalist=amd64}
13:52:35,202 DEBUG Configuration:1153 - processing extends queue
13:52:35,202 DEBUG Configuration:1157 - processing collection mappings
13:52:35,203 DEBUG Configuration:1168 - processing native query and ResultSetMapping mappings
13:52:35,203 DEBUG Configuration:1176 - processing association property references
13:52:35,203 DEBUG Configuration:1198 - processing foreign key constraints
13:52:35,266 DEBUG Hbm2DDLExporter:138 - org.hibernate.tool.hbm2x.Hbm2DDLExporter outputdir:D:\workspaces\ds\DocShifterBeans\_deliverables path: []
13:52:35,381  INFO Version:15 - Hibernate Tools 3.2.4.GA
13:52:35,428  INFO Dialect:175 - Using dialect: org.hibernate.dialect.HSQLDialect
13:52:35,505 DEBUG Configuration:1153 - processing extends queue
13:52:35,506 DEBUG Configuration:1157 - processing collection mappings
13:52:35,506 DEBUG Configuration:1168 - processing native query and ResultSetMapping mappings
13:52:35,506 DEBUG Configuration:1176 - processing association property references
13:52:35,506 DEBUG Configuration:1198 - processing foreign key constraints
13:52:35,509 DEBUG Configuration:1153 - processing extends queue
13:52:35,509 DEBUG Configuration:1157 - processing collection mappings
13:52:35,510 DEBUG Configuration:1168 - processing native query and ResultSetMapping mappings
13:52:35,510 DEBUG Configuration:1176 - processing association property references
13:52:35,510 DEBUG Configuration:1198 - processing foreign key constraints
13:52:35,515  INFO SchemaExport:226 - Running hbm2ddl schema export
13:52:35,516 DEBUG SchemaExport:242 - import file not found: /import.sql
13:52:35,516  INFO SchemaExport:246 - writing generated schema to file: D:\workspaces\ds\DocShifterBeans\_deliverables\sql.ddl
13:52:35,517  INFO SchemaExport:268 - schema export complete
13:53:09,030  INFO Environment:543 - Hibernate 3.3.1.GA
13:53:09,038  INFO Environment:576 - hibernate.properties not found
13:53:09,041  INFO Environment:709 - Bytecode provider name : javassist
13:53:09,046  INFO Environment:627 - using JDK 1.4 java.sql.Timestamp handling
13:53:09,098  INFO Configuration:1494 - configuring from file: hibernate.cfg.xml
13:53:09,126 DEBUG DTDEntityResolver:64 - trying to resolve system-id [http://hibernate.sourceforge.net/hibernate-configuration-3.0.dtd]
13:53:09,127 DEBUG DTDEntityResolver:66 - recognized hibernate namespace; attempting to resolve on classpath under org/hibernate/
13:53:09,128 DEBUG DTDEntityResolver:76 - located [http://hibernate.sourceforge.net/hibernate-configuration-3.0.dtd] in classpath
13:53:09,148 DEBUG Configuration:1421 - dialect=org.hibernate.dialect.HSQLDialect
13:53:09,148 DEBUG Configuration:1421 - connection.driver_class=org.hsqldb.jdbcDriver
13:53:09,148 DEBUG Configuration:1421 - connection.url=jdbc:hsqldb:hsql://localhost:9001/docshifter
13:53:09,149 DEBUG Configuration:1421 - connection.username=SA
13:53:09,149 DEBUG Configuration:1421 - connection.password=
13:53:09,149 DEBUG Configuration:1421 - default_schema=docshifter
13:53:09,150  INFO Configuration:1575 - Configured SessionFactory: null
13:53:09,150 DEBUG Configuration:1576 - properties: {hibernate.connection.password=, java.runtime.name=Java(TM) SE Runtime Environment, hibernate.default_schema=docshifter, sun.boot.library.path=C:\Program Files\Java\jre6\bin, java.vm.version=20.5-b03, hibernate.connection.username=SA, ant.library.dir=C:\Program Files\eclipse\plugins\org.apache.ant_1.8.3.v20120321-1730\lib, java.vm.vendor=Sun Microsystems Inc., java.vendor.url=http://java.sun.com/, path.separator=;, java.vm.name=Java HotSpot(TM) 64-Bit Server VM, file.encoding.pkg=sun.io, user.country=BE, sun.java.launcher=SUN_STANDARD, sun.os.patch.level=Service Pack 1, java.vm.specification.name=Java Virtual Machine Specification, user.dir=D:\workspaces\ds\DocShifterBeans, java.runtime.version=1.6.0_30-b12, java.awt.graphicsenv=sun.awt.Win32GraphicsEnvironment, java.endorsed.dirs=C:\Program Files\Java\jre6\lib\endorsed, os.arch=amd64, java.io.tmpdir=C:\Users\MICHIE~1.VAN\AppData\Local\Temp\, line.separator=
, java.vm.specification.vendor=Sun Microsystems Inc., default_schema=docshifter, user.variant=, os.name=Windows 7, ant.home=C:\Program Files\eclipse\plugins\org.apache.ant_1.8.3.v20120321-1730, sun.jnu.encoding=Cp1252, java.library.path=C:\Windows\system32;C:\Windows\Sun\Java\bin;C:\Windows\system32;C:\Windows;C:\Program Files\Documentum\Shared;C:\Program Files (x86)\SenchaSDKTools-2.0.0-beta3;C:\Ruby193\bin;C:\Users\lander.beeuwsaert.DOCBYTE\AppData\Local\Google\Chrome\Application;C:\Windows\system32;C:\Windows;C:\Windows\System32\Wbem;C:\Windows\System32\WindowsPowerShell\v1.0\;C:\Program Files\Intel\WiFi\bin\;C:\Program Files\Common Files\Intel\WirelessCommon\;C:\Program Files\TortoiseSVN\bin;C:\Program Files (x86)\Git\cmd;C:\Program Files\nodejs\;C:\Program Files (x86)\Belgium Identity Card;C:\Program Files (x86)\Microsoft SQL Server\100\Tools\Binn\;C:\Program Files\Microsoft SQL Server\100\Tools\Binn\;C:\Program Files\Microsoft SQL Server\100\DTS\Binn\;C:\Program Files (x86)\Liquid Technologies\Liquid XML Studio 2012\XmlDataBinder10\Redist10\cpp\win32\bin;C:\Users\michiel.vandriessche\AppData\Roaming\npm\;C:\Program Files\Java\jdk1.6.0_21\bin;C:\Program Files\apache-ant-1.8.4\bin;.;C:\Program Files\eclipse\configuration\org.eclipse.osgi\bundles\628\2\.cp, java.specification.name=Java Platform API Specification, java.class.version=50.0, sun.management.compiler=HotSpot 64-Bit Tiered Compilers, os.version=6.1, connection.password=, user.home=C:\Users\michiel.vandriessche, user.timezone=Europe/Paris, connection.username=SA, java.awt.printerjob=sun.awt.windows.WPrinterJob, file.encoding=Cp1252, java.specification.version=1.6, hibernate.connection.driver_class=org.hsqldb.jdbcDriver, java.class.path=C:\Program Files\eclipse\plugins\org.apache.ant_1.8.3.v20120321-1730\lib\ant-antlr.jar;C:\Program Files\eclipse\plugins\org.apache.ant_1.8.3.v20120321-1730\lib\ant-apache-bcel.jar;C:\Program Files\eclipse\plugins\org.apache.ant_1.8.3.v20120321-1730\lib\ant-apache-bsf.jar;C:\Program Files\eclipse\plugins\org.apache.ant_1.8.3.v20120321-1730\lib\ant-apache-log4j.jar;C:\Program Files\eclipse\plugins\org.apache.ant_1.8.3.v20120321-1730\lib\ant-apache-oro.jar;C:\Program Files\eclipse\plugins\org.apache.ant_1.8.3.v20120321-1730\lib\ant-apache-regexp.jar;C:\Program Files\eclipse\plugins\org.apache.ant_1.8.3.v20120321-1730\lib\ant-apache-resolver.jar;C:\Program Files\eclipse\plugins\org.apache.ant_1.8.3.v20120321-1730\lib\ant-apache-xalan2.jar;C:\Program Files\eclipse\plugins\org.apache.ant_1.8.3.v20120321-1730\lib\ant-commons-logging.jar;C:\Program Files\eclipse\plugins\org.apache.ant_1.8.3.v20120321-1730\lib\ant-commons-net.jar;C:\Program Files\eclipse\plugins\org.apache.ant_1.8.3.v20120321-1730\lib\ant-jai.jar;C:\Program Files\eclipse\plugins\org.apache.ant_1.8.3.v20120321-1730\lib\ant-javamail.jar;C:\Program Files\eclipse\plugins\org.apache.ant_1.8.3.v20120321-1730\lib\ant-jdepend.jar;C:\Program Files\eclipse\plugins\org.apache.ant_1.8.3.v20120321-1730\lib\ant-jmf.jar;C:\Program Files\eclipse\plugins\org.apache.ant_1.8.3.v20120321-1730\lib\ant-jsch.jar;C:\Program Files\eclipse\plugins\org.apache.ant_1.8.3.v20120321-1730\lib\ant-junit.jar;C:\Program Files\eclipse\plugins\org.apache.ant_1.8.3.v20120321-1730\lib\ant-junit4.jar;C:\Program Files\eclipse\plugins\org.apache.ant_1.8.3.v20120321-1730\lib\ant-launcher.jar;C:\Program Files\eclipse\plugins\org.apache.ant_1.8.3.v20120321-1730\lib\ant-netrexx.jar;C:\Program Files\eclipse\plugins\org.apache.ant_1.8.3.v20120321-1730\lib\ant-swing.jar;C:\Program Files\eclipse\plugins\org.apache.ant_1.8.3.v20120321-1730\lib\ant-testutil.jar;C:\Program Files\eclipse\plugins\org.apache.ant_1.8.3.v20120321-1730\lib\ant.jar;C:\Program Files\eclipse\configuration\org.eclipse.osgi\bundles\57\2\.cp\lib\antdebug.jar;C:\Program Files\eclipse\configuration\org.eclipse.osgi\bundles\57\2\.cp\lib\remote.jar;C:\Program Files\eclipse\configuration\org.eclipse.osgi\bundles\58\2\.cp\lib\remoteAnt.jar;C:\Program Files\Java\jdk1.6.0_21\lib\tools.jar;C:\Program Files\eclipse\plugins\org.eclipse.swt.win32.win32.x86_64_3.100.0.v4233d.jar, user.name=michiel.vandriessche, hibernate.bytecode.use_reflection_optimizer=false, java.vm.specification.version=1.0, sun.java.command=org.eclipse.ant.internal.launching.remote.InternalAntRunner -Dorg.eclipse.ant.core.ANT_PROCESS_ID=1348141988286 -Declipse.connect.port=60824 -Declipse.pdebuild.home=/C:/Program Files/eclipse/plugins/org.eclipse.pde.build_3.8.0.v20120523-1555/./ -Declipse.pdebuild.scripts=/C:/Program Files/eclipse/plugins/org.eclipse.pde.build_3.8.0.v20120523-1555/scripts/ -Declipse.pdebuild.templates=/C:/Program Files/eclipse/plugins/org.eclipse.pde.build_3.8.0.v20120523-1555/templates/ -Dant.home=C:\Program Files\eclipse\plugins\org.apache.ant_1.8.3.v20120321-1730 -logger org.eclipse.ant.internal.launching.remote.logger.RemoteAntBuildLogger -inputhandler org.eclipse.ant.internal.ui.antsupport.inputhandler.ProxyInputHandler -buildfile D:\workspaces\ds\DocShifterBeans\build.xml, java.home=C:\Program Files\Java\jre6, sun.arch.data.model=64, hibernate.connection.url=jdbc:hsqldb:hsql://localhost:9001/docshifter, hibernate.dialect=org.hibernate.dialect.HSQLDialect, user.language=nl, java.specification.vendor=Sun Microsystems Inc., awt.toolkit=sun.awt.windows.WToolkit, java.vm.info=mixed mode, java.version=1.6.0_30, java.ext.dirs=C:\Program Files\Java\jre6\lib\ext;C:\Windows\Sun\Java\lib\ext, sun.boot.class.path=C:\Program Files\Java\jre6\lib\resources.jar;C:\Program Files\Java\jre6\lib\rt.jar;C:\Program Files\Java\jre6\lib\sunrsasign.jar;C:\Program Files\Java\jre6\lib\jsse.jar;C:\Program Files\Java\jre6\lib\jce.jar;C:\Program Files\Java\jre6\lib\charsets.jar;C:\Program Files\Java\jre6\lib\modules\jdk.boot.jar;C:\Program Files\Java\jre6\classes, java.vendor=Sun Microsystems Inc., connection.driver_class=org.hsqldb.jdbcDriver, file.separator=\, java.vendor.url.bug=http://java.sun.com/cgi-bin/bugreport.cgi, sun.io.unicode.encoding=UnicodeLittle, sun.cpu.endian=little, sun.desktop=windows, connection.url=jdbc:hsqldb:hsql://localhost:9001/docshifter, dialect=org.hibernate.dialect.HSQLDialect, sun.cpu.isalist=amd64}
13:53:09,152 DEBUG Configuration:1153 - processing extends queue
13:53:09,153 DEBUG Configuration:1157 - processing collection mappings
13:53:09,153 DEBUG Configuration:1168 - processing native query and ResultSetMapping mappings
13:53:09,154 DEBUG Configuration:1176 - processing association property references
13:53:09,154 DEBUG Configuration:1198 - processing foreign key constraints
13:53:09,179 DEBUG Hbm2DDLExporter:138 - org.hibernate.tool.hbm2x.Hbm2DDLExporter outputdir:D:\workspaces\ds\DocShifterBeans\_deliverables path: []
13:53:09,234  INFO Version:15 - Hibernate Tools 3.2.4.GA
13:53:09,258  INFO Dialect:175 - Using dialect: org.hibernate.dialect.HSQLDialect
13:53:09,295 DEBUG Configuration:1153 - processing extends queue
13:53:09,295 DEBUG Configuration:1157 - processing collection mappings
13:53:09,295 DEBUG Configuration:1168 - processing native query and ResultSetMapping mappings
13:53:09,296 DEBUG Configuration:1176 - processing association property references
13:53:09,296 DEBUG Configuration:1198 - processing foreign key constraints
13:53:09,298 DEBUG Configuration:1153 - processing extends queue
13:53:09,298 DEBUG Configuration:1157 - processing collection mappings
13:53:09,298 DEBUG Configuration:1168 - processing native query and ResultSetMapping mappings
13:53:09,299 DEBUG Configuration:1176 - processing association property references
13:53:09,299 DEBUG Configuration:1198 - processing foreign key constraints
13:53:09,303  INFO SchemaExport:226 - Running hbm2ddl schema export
13:53:09,305 DEBUG SchemaExport:242 - import file not found: /import.sql
13:53:09,305  INFO SchemaExport:246 - writing generated schema to file: D:\workspaces\ds\DocShifterBeans\_deliverables\sql.ddl
13:53:09,306  INFO SchemaExport:268 - schema export complete
